::::::::::::::
segfault.out
::::::::::::::
argv[0]="./segfault"
argv[1]="arg1"
argv[2]="arg2"
argv[3]="(null)"
argv[4]="FOO=value1"
argv[5]="BAR=value2"
argv[6]="LD_PRELOAD=/usr/lib64/valgrind/vgpreload_core-amd64-linux.so:/usr/lib64/valgrind/vgpreload_memcheck-amd64-linux.so"
argv[7]="(null)"
argv[8]="
::::::::::::::
segfault.err
::::::::::::::
==20152== Memcheck, a memory error detector
==20152== Copyright (C) 2002-2013, and GNU GPL'd, by Julian Seward et al.
==20152== Using Valgrind-3.10.0 and LibVEX; rerun with -h for copyright info
==20152== Command: ./segfault arg1 arg2
==20152== 
==20152== Invalid read of size 1
==20152==    at 0x5E27AB4: vfprintf (in /usr/lib64/libc-2.17.so)
==20152==    by 0x5E30C98: printf (in /usr/lib64/libc-2.17.so)
==20152==    by 0x400876: main (segfault.c:10)
==20152==  Address 0x1 is not stack'd, malloc'd or (recently) free'd
==20152== 
==20152== 
==20152== Process terminating with default action of signal 11 (SIGSEGV)
==20152==  Access not within mapped region at address 0x1
==20152==    at 0x5E27AB4: vfprintf (in /usr/lib64/libc-2.17.so)
==20152==    by 0x5E30C98: printf (in /usr/lib64/libc-2.17.so)
==20152==    by 0x400876: main (segfault.c:10)
==20152==  If you believe this happened as a result of a stack
==20152==  overflow in your program's main thread (unlikely but
==20152==  possible), you can try to increase the size of the
==20152==  main thread stack using the --main-stacksize= flag.
==20152==  The main thread stack size used in this run was 8388608.
==20152== 
==20152== HEAP SUMMARY:
==20152==     in use at exit: 16 bytes in 1 blocks
==20152==   total heap usage: 1 allocs, 0 frees, 16 bytes allocated
==20152== 
==20152== 16 bytes in 1 blocks are still reachable in loss record 1 of 1
==20152==    at 0x4C29BFD: malloc (in /usr/lib64/valgrind/vgpreload_memcheck-amd64-linux.so)
==20152==    by 0x5E64FE9: strdup (in /usr/lib64/libc-2.17.so)
==20152==    by 0x7144628: ??? (in /usr/lib64/libselinux.so.1)
==20152==    by 0x71446B2: ??? (in /usr/lib64/libselinux.so.1)
==20152==    by 0x400F3A2: _dl_init (in /usr/lib64/ld-2.17.so)
==20152==    by 0x4001469: ??? (in /usr/lib64/ld-2.17.so)
==20152==    by 0x2: ???
==20152==    by 0xFFF000F3E: ???
==20152==    by 0xFFF000F49: ???
==20152==    by 0xFFF000F4E: ???
==20152== 
==20152== LEAK SUMMARY:
==20152==    definitely lost: 0 bytes in 0 blocks
==20152==    indirectly lost: 0 bytes in 0 blocks
==20152==      possibly lost: 0 bytes in 0 blocks
==20152==    still reachable: 16 bytes in 1 blocks
==20152==         suppressed: 0 bytes in 0 blocks
==20152== 
==20152== For counts of detected and suppressed errors, rerun with: -v
==20152== ERROR SUMMARY: 1 errors from 1 contexts (suppressed: 1 from 1)

