genericlib.c:29: process (0x602080, 6, 8, 0x400887)
stringproc.c:30: printstr (0x602080->"hello")
stringproc.c:30: printstr (0x602088->"world")
stringproc.c:30: printstr (0x602090->"foo")
stringproc.c:30: printstr (0x602098->"bar")
stringproc.c:30: printstr (0x6020a0->"baz")
stringproc.c:30: printstr (0x6020a8->"qux")

genericlib.c:29: process (0x602080, 6, 8, 0x4007b6)
stringproc.c:17: strdupthem (0x602080->"hello")
stringproc.c:17: strdupthem (0x602088->"world")
stringproc.c:17: strdupthem (0x602090->"foo")
stringproc.c:17: strdupthem (0x602098->"bar")
stringproc.c:17: strdupthem (0x6020a0->"baz")
stringproc.c:17: strdupthem (0x6020a8->"qux")

genericlib.c:29: process (0x602080, 6, 8, 0x400814)
stringproc.c:23: capitalize (0x602080->"hello")
stringproc.c:23: capitalize (0x602088->"world")
stringproc.c:23: capitalize (0x602090->"foo")
stringproc.c:23: capitalize (0x602098->"bar")
stringproc.c:23: capitalize (0x6020a0->"baz")
stringproc.c:23: capitalize (0x6020a8->"qux")

genericlib.c:29: process (0x602080, 6, 8, 0x400887)
stringproc.c:30: printstr (0x602080->"HELLO")
stringproc.c:30: printstr (0x602088->"WORLD")
stringproc.c:30: printstr (0x602090->"FOO")
stringproc.c:30: printstr (0x602098->"BAR")
stringproc.c:30: printstr (0x6020a0->"BAZ")
stringproc.c:30: printstr (0x6020a8->"QUX")

genericlib.c:29: process (0x602080, 6, 8, 0x4008c4)
stringproc.c:34: freestr (0x602080->"HELLO")
stringproc.c:34: freestr (0x602088->"WORLD")
stringproc.c:34: freestr (0x602090->"FOO")
stringproc.c:34: freestr (0x602098->"BAR")
stringproc.c:34: freestr (0x6020a0->"BAZ")
stringproc.c:34: freestr (0x6020a8->"QUX")

