checksource: improper character \x09 = ^I (tab)
   file "scanner.c": 1661 errors: lines 126, 133--134, 236--238, 
        241--246, 253, 255, 261--262, 264--267, 269--272, 274--278, 
        280--285, 287--291, 296--299, 301, 305--314, 317, 356--356, 
        361--362, 399--400, 402--402, 404--406, 409--410, 412--412, 
        414--416, 454, 456--458, 460, 468--471, 707--733, 804, 812--814, 
        822--824, 827--827, 830--831, 833--833, 835--835, 840--840, 
        842--842, 847--851, 853--854, 856--857, 859--859, 861--862, 
        864--867, 870--870, 872--889, 893--899, 901--901, 905--910, 
        913--913, 915, 918--932, 934--935, 937--942, 948, 953, 959, 964, 
        967, 969--972, 974--976, 978--992, 994--1003, 1005--1005, 
        1007--1007, 1009--1016, 1018--1018, 1020--1020, 1022--1028, 
        1030--1031, 1033--1036, 1038--1042, 1044--1055, 1057--1059, 
        1061--1067, 1069--1071, 1073--1073, 1075--1077, 1079--1081, 
        1083--1083, 1085--1090, 1092--1096, 1110--1112, 1120--1123, 
        1125--1127, 1129--1137, 1139--1146, 1148, 1150--1151, 
        1153--1154, 1156--1160, 1162--1165, 1167--1168, 1170--1171, 
        1173--1174, 1176--1178, 1180--1183, 1185--1191, 1193--1195, 
        1197--1197, 1199--1200, 1202--1202, 1204--1205, 1207--1209, 
        1211--1212, 1214--1220, 1222--1228, 1230--1231, 1233--1239, 
        1241--1243, 1245, 1247, 1260--1261, 1264, 1266--1267, 
        1269--1282, 1284, 1290, 1298, 1300, 1302--1315, 1317--1317, 
        1327, 1331--1332, 1334--1341, 1343--1344, 1346--1349, 
        1351--1353, 1355, 1363--1365, 1383, 1385, 1387--1395, 
        1397--1400, 1402--1413, 1415--1416, 1418--1418, 1420--1423, 
        1425--1426, 1428--1428, 1430--1430, 1432--1432, 1434--1439, 
        1441--1443, 1446--1447, 1451, 1454, 1469, 1471--1471, 1473, 
        1475--1476, 1490--1493, 1495--1497, 1499--1505, 1507--1508, 
        1510--1515, 1524--1527, 1542, 1544--1546, 1548, 1550--1555, 
        1557, 1559, 1561, 1575--1576, 1578--1579, 1581--1582, 1584, 
        1598, 1600, 1602--1603, 1621, 1634--1635, 1637, 1639--1644, 
        1646, 1648--1649, 1651--1652, 1668--1669, 1671, 1673--1680, 
        1682--1685, 1687--1689, 1704--1705, 1707--1710, 1712--1715, 
        1729, 1731, 1733--1735, 1737--1749, 1751, 1753--1754, 
        1756--1762, 1764--1767, 1780, 1782--1786, 1788--1790, 
        1792--1800, 1802, 1804, 1820, 1834--1837, 1839--1843, 
        1845--1846, 1848, 1850--1852, 1854--1857, 1859, 1870--1871, 
        1881--1883, 1886--1892, 2027--2031, 2033--2035, 2054--2056, 
        2063--2065, 2067, 2073, 2078--2085, 2090--2090
checksource: line length > 72 characters
   file "scanner.c": 55 errors: lines 37, 165, 171, 191, 219--220, 
        222--224, 234, 344, 347, 356, 420, 455, 459, 462, 581, 701, 706, 
        740, 880, 886, 1001, 1032, 1125, 1156, 1233, 1235--1236, 
        1242--1243, 1250, 1263, 1266, 1281, 1293, 1299, 1314, 1393, 
        1460, 1532, 1624--1625, 1733, 1744, 1765, 1772, 1809, 1825, 
        1828, 1832, 1992, 2021, 2037
checksource: TOTAL COMPLAINTS: 1716
