FILE -:
total 379
drwx------. 3  2048 Jan 12 17:31 .
drwx------. 6  2048 Jan 12 17:30 ..
-rw-------. 1   575 Jan 12 17:31 HEADER.html
drwx------. 2  2048 Jan 12 17:31 RCS
-rw-------. 1   108 Jan 13  2015 cal.1752.09
-rw-------. 1   136 Jan 13  2015 cal.2013.04
-rwx------. 1 16195 Jan 12 17:31 catbychar
-rw-------. 1  1561 Jan 12 17:31 catbychar.c
-rw-------. 1   311 Jan 12 17:31 catbychar.c.log
-rw-------. 1     0 Jan 12 17:31 catbychar.out
-rw-------. 1 29554 Jan 13  2015 catbychar.pdf
-rw-------. 1 22867 Jan 13  2015 catbychar.ps
-rwx------. 1 12863 Jan 13  2015 catbyline
-rw-------. 1  1795 Jan 13  2015 catbyline.c
-rw-------. 1   310 Jan 13  2015 catbyline.c.log
-rw-------. 1   408 Jan 13  2015 catbyline.out
-rw-------. 1 28084 Jan 13  2015 catbyline.pdf
-rw-------. 1 21313 Jan 13  2015 catbyline.ps
-rwx------. 1 12876 Jan 13  2015 getoptex
-rw-------. 1  1936 Jan 13  2015 getoptex.c
-rw-------. 1   303 Jan 13  2015 getoptex.c.log
-rw-------. 1   119 Jan 13  2015 getoptex.out
-rw-------. 1 28137 Jan 13  2015 getoptex.pdf
-rw-------. 1 21076 Jan 13  2015 getoptex.ps
-rwx------. 1  8909 Jan 13  2015 undefvar
-rw-------. 1   570 Jan 13  2015 undefvar.c
-rw-------. 1   609 Jan 13  2015 undefvar.c.log
-rw-------. 1  5038 Jan 13  2015 undefvar.out
-rw-------. 1 33912 Jan 13  2015 undefvar.pdf
-rw-------. 1 26798 Jan 13  2015 undefvar.ps
-rwx------. 1 18141 Jan 13  2015 wordct
-rw-------. 1  4732 Jan 13  2015 wordct.c
-rw-------. 1   289 Jan 13  2015 wordct.c.log
-rw-------. 1   881 Jan 13  2015 wordct.out
-rw-------. 1 36364 Jan 13  2015 wordct.pdf
-rw-------. 1 29138 Jan 13  2015 wordct.ps
