==10747== Memcheck, a memory error detector
==10747== Copyright (C) 2002-2013, and GNU GPL'd, by Julian Seward et al.
==10747== Using Valgrind-3.10.1 and LibVEX; rerun with -h for copyright info
==10747== Command: wordct catbychar.c catbyline.c getoptex.c undefvar.c wordct.c
==10747== 
      64     196    1561 catbychar.c
      67     230    1795 catbyline.c
      78     232    1936 getoptex.c
      24      82     570 undefvar.c
     166     623    4732 wordct.c
     399    1363   10594 total
==10747== 
==10747== HEAP SUMMARY:
==10747==     in use at exit: 0 bytes in 0 blocks
==10747==   total heap usage: 6 allocs, 6 frees, 2,856 bytes allocated
==10747== 
==10747== All heap blocks were freed -- no leaks are possible
==10747== 
==10747== For counts of detected and suppressed errors, rerun with: -v
==10747== ERROR SUMMARY: 0 errors from 0 contexts (suppressed: 1 from 1)
